Build started 11-09-2021 14:15:35.
     1>Project "C:\workspace\iitg\Sem1\speech_processing\sp_assignments\vowel_recognition\vowel_recognition\vowel_recognition.vcxproj" on node 2 (build target(s)).
     1>InitializeBuildStatus:
         Creating "Debug\vowel_recognition.unsuccessfulbuild" because "AlwaysCreate" was specified.
       ClCompile:
         All outputs are up-to-date.
         C:\Program Files (x86)\Microsoft Visual Studio 10.0\VC\bin\CL.exe /c /ZI /nologo /W3 /WX- /Od /Oy- /D WIN32 /D _DEBUG /D _CONSOLE /D _UNICODE /D UNICODE /Gm /EHsc /RTC1 /MDd /GS /fp:precise /Zc:wchar_t /Zc:forScope /Yu"StdAfx.h" /Fp"Debug\vowel_recognition.pch" /Fo"Debug\\" /Fd"Debug\vc100.pdb" /Gd /TP /analyze- /errorReport:prompt vowel_recognition.cpp
         vowel_recognition.cpp
     1>c:\workspace\iitg\sem1\speech_processing\sp_assignments\vowel_recognition\vowel_recognition\vowel_recognition.cpp(66): warning C4996: 'fopen': This function or variable may be unsafe. Consider using fopen_s instead. To disable deprecation, use _CRT_SECURE_NO_WARNINGS. See online help for details.
                 c:\program files (x86)\microsoft visual studio 10.0\vc\include\stdio.h(234) : see declaration of 'fopen'
     1>c:\workspace\iitg\sem1\speech_processing\sp_assignments\vowel_recognition\vowel_recognition\vowel_recognition.cpp(126): warning C4996: 'fopen': This function or variable may be unsafe. Consider using fopen_s instead. To disable deprecation, use _CRT_SECURE_NO_WARNINGS. See online help for details.
                 c:\program files (x86)\microsoft visual studio 10.0\vc\include\stdio.h(234) : see declaration of 'fopen'
     1>c:\workspace\iitg\sem1\speech_processing\sp_assignments\vowel_recognition\vowel_recognition\vowel_recognition.cpp(149): warning C4996: 'fopen': This function or variable may be unsafe. Consider using fopen_s instead. To disable deprecation, use _CRT_SECURE_NO_WARNINGS. See online help for details.
                 c:\program files (x86)\microsoft visual studio 10.0\vc\include\stdio.h(234) : see declaration of 'fopen'
     1>c:\workspace\iitg\sem1\speech_processing\sp_assignments\vowel_recognition\vowel_recognition\vowel_recognition.cpp(194): warning C4996: 'fopen': This function or variable may be unsafe. Consider using fopen_s instead. To disable deprecation, use _CRT_SECURE_NO_WARNINGS. See online help for details.
                 c:\program files (x86)\microsoft visual studio 10.0\vc\include\stdio.h(234) : see declaration of 'fopen'
     1>c:\workspace\iitg\sem1\speech_processing\sp_assignments\vowel_recognition\vowel_recognition\vowel_recognition.cpp(238): warning C4996: 'fopen': This function or variable may be unsafe. Consider using fopen_s instead. To disable deprecation, use _CRT_SECURE_NO_WARNINGS. See online help for details.
                 c:\program files (x86)\microsoft visual studio 10.0\vc\include\stdio.h(234) : see declaration of 'fopen'
     1>c:\workspace\iitg\sem1\speech_processing\sp_assignments\vowel_recognition\vowel_recognition\vowel_recognition.cpp(249): warning C4996: 'fopen': This function or variable may be unsafe. Consider using fopen_s instead. To disable deprecation, use _CRT_SECURE_NO_WARNINGS. See online help for details.
                 c:\program files (x86)\microsoft visual studio 10.0\vc\include\stdio.h(234) : see declaration of 'fopen'
     1>c:\workspace\iitg\sem1\speech_processing\sp_assignments\vowel_recognition\vowel_recognition\vowel_recognition.cpp(274): warning C4996: 'fopen': This function or variable may be unsafe. Consider using fopen_s instead. To disable deprecation, use _CRT_SECURE_NO_WARNINGS. See online help for details.
                 c:\program files (x86)\microsoft visual studio 10.0\vc\include\stdio.h(234) : see declaration of 'fopen'
     1>c:\workspace\iitg\sem1\speech_processing\sp_assignments\vowel_recognition\vowel_recognition\vowel_recognition.cpp(286): warning C4996: 'fopen': This function or variable may be unsafe. Consider using fopen_s instead. To disable deprecation, use _CRT_SECURE_NO_WARNINGS. See online help for details.
                 c:\program files (x86)\microsoft visual studio 10.0\vc\include\stdio.h(234) : see declaration of 'fopen'
     1>c:\workspace\iitg\sem1\speech_processing\sp_assignments\vowel_recognition\vowel_recognition\vowel_recognition.cpp(306): warning C4244: '-=' : conversion from 'float' to 'int', possible loss of data
     1>c:\workspace\iitg\sem1\speech_processing\sp_assignments\vowel_recognition\vowel_recognition\vowel_recognition.cpp(307): warning C4244: '=' : conversion from 'double' to 'float', possible loss of data
     1>c:\workspace\iitg\sem1\speech_processing\sp_assignments\vowel_recognition\vowel_recognition\vowel_recognition.cpp(315): warning C4244: 'initializing' : conversion from 'double' to 'int', possible loss of data
     1>c:\workspace\iitg\sem1\speech_processing\sp_assignments\vowel_recognition\vowel_recognition\vowel_recognition.cpp(356): warning C4996: 'fopen': This function or variable may be unsafe. Consider using fopen_s instead. To disable deprecation, use _CRT_SECURE_NO_WARNINGS. See online help for details.
                 c:\program files (x86)\microsoft visual studio 10.0\vc\include\stdio.h(234) : see declaration of 'fopen'
     1>c:\workspace\iitg\sem1\speech_processing\sp_assignments\vowel_recognition\vowel_recognition\vowel_recognition.cpp(377): warning C4244: '-=' : conversion from 'float' to 'int', possible loss of data
     1>c:\workspace\iitg\sem1\speech_processing\sp_assignments\vowel_recognition\vowel_recognition\vowel_recognition.cpp(378): warning C4244: '=' : conversion from 'double' to 'float', possible loss of data
     1>c:\workspace\iitg\sem1\speech_processing\sp_assignments\vowel_recognition\vowel_recognition\vowel_recognition.cpp(386): warning C4244: 'initializing' : conversion from 'double' to 'int', possible loss of data
     1>c:\workspace\iitg\sem1\speech_processing\sp_assignments\vowel_recognition\vowel_recognition\vowel_recognition.cpp(406): warning C4996: 'fopen': This function or variable may be unsafe. Consider using fopen_s instead. To disable deprecation, use _CRT_SECURE_NO_WARNINGS. See online help for details.
                 c:\program files (x86)\microsoft visual studio 10.0\vc\include\stdio.h(234) : see declaration of 'fopen'
       ManifestResourceCompile:
         All outputs are up-to-date.
       Link:
         C:\Program Files (x86)\Microsoft Visual Studio 10.0\VC\bin\link.exe /ERRORREPORT:PROMPT /OUT:"C:\workspace\iitg\Sem1\speech_processing\sp_assignments\vowel_recognition\Debug\vowel_recognition.exe" /INCREMENTAL /NOLOGO kernel32.lib user32.lib gdi32.lib winspool.lib comdlg32.lib advapi32.lib shell32.lib ole32.lib oleaut32.lib uuid.lib odbc32.lib odbccp32.lib /MANIFEST /ManifestFile:"Debug\vowel_recognition.exe.intermediate.manifest" /MANIFESTUAC:"level='asInvoker' uiAccess='false'" /DEBUG /PDB:"C:\workspace\iitg\Sem1\speech_processing\sp_assignments\vowel_recognition\Debug\vowel_recognition.pdb" /SUBSYSTEM:CONSOLE /TLBID:1 /DYNAMICBASE /NXCOMPAT /IMPLIB:"C:\workspace\iitg\Sem1\speech_processing\sp_assignments\vowel_recognition\Debug\vowel_recognition.lib" /MACHINE:X86 Debug\vowel_recognition.exe.embed.manifest.res
         Debug\stdafx.obj
         Debug\vowel_recognition.obj
       Manifest:
         C:\Program Files (x86)\Microsoft SDKs\Windows\v7.0A\bin\mt.exe /nologo /verbose /out:"Debug\vowel_recognition.exe.embed.manifest" /manifest Debug\vowel_recognition.exe.intermediate.manifest
         All outputs are up-to-date.
       LinkEmbedManifest:
         All outputs are up-to-date.
         vowel_recognition.vcxproj -> C:\workspace\iitg\Sem1\speech_processing\sp_assignments\vowel_recognition\Debug\vowel_recognition.exe
       FinalizeBuildStatus:
         Deleting file "Debug\vowel_recognition.unsuccessfulbuild".
         Touching "Debug\vowel_recognition.lastbuildstate".
     1>Done Building Project "C:\workspace\iitg\Sem1\speech_processing\sp_assignments\vowel_recognition\vowel_recognition\vowel_recognition.vcxproj" (build target(s)).

Build succeeded.

Time Elapsed 00:00:01.90
